2015-08-22 02:14:39 EDT [21189]: [1-1] user=,db=,app=,client= LOG:  database system was shut down at 2015-08-22 01:27:13 EDT
2015-08-22 02:14:39 EDT [21189]: [2-1] user=,db=,app=,client= LOG:  MultiXact member wraparound protections are now enabled
2015-08-22 02:14:39 EDT [21188]: [1-1] user=,db=,app=,client= LOG:  database system is ready to accept connections
2015-08-22 02:14:39 EDT [21194]: [1-1] user=,db=,app=,client= LOG:  autovacuum launcher started
2015-08-22 02:15:10 EDT [21534]: [1-1] user=,db=,app=,client= LOG:  Getting relation statistics for public.supplier
2015-08-22 02:16:09 EDT [21614]: [1-1] user=,db=,app=,client= LOG:  Getting relation statistics for public.part
2015-08-22 02:18:43 EDT [21534]: [2-1] user=,db=,app=,client= LOG:  Getting detailed statistics for public.supplier
2015-08-22 02:18:51 EDT [21614]: [2-1] user=,db=,app=,client= LOG:  Getting detailed statistics for public.part
2015-08-22 02:19:01 EDT [21840]: [1-1] user=mark,db=dbt3,app=psql,client=[local] LOG:  Getting relation statistics for public.nation
2015-08-22 02:19:01 EDT [21840]: [2-1] user=mark,db=dbt3,app=psql,client=[local] STATEMENT:  VACUUM ANALYZE nation;
2015-08-22 02:19:03 EDT [21840]: [3-1] user=mark,db=dbt3,app=psql,client=[local] LOG:  Getting relation statistics for public.nation
2015-08-22 02:19:03 EDT [21840]: [4-1] user=mark,db=dbt3,app=psql,client=[local] STATEMENT:  VACUUM ANALYZE nation;
2015-08-22 02:19:05 EDT [21840]: [5-1] user=mark,db=dbt3,app=psql,client=[local] LOG:  Getting detailed statistics for public.nation
2015-08-22 02:19:05 EDT [21840]: [6-1] user=mark,db=dbt3,app=psql,client=[local] STATEMENT:  VACUUM ANALYZE nation;
2015-08-22 02:19:07 EDT [21843]: [1-1] user=mark,db=dbt3,app=psql,client=[local] LOG:  Getting relation statistics for public.region
2015-08-22 02:19:07 EDT [21843]: [2-1] user=mark,db=dbt3,app=psql,client=[local] STATEMENT:  VACUUM ANALYZE region;
2015-08-22 02:19:09 EDT [21843]: [3-1] user=mark,db=dbt3,app=psql,client=[local] LOG:  Getting relation statistics for public.region
2015-08-22 02:19:09 EDT [21843]: [4-1] user=mark,db=dbt3,app=psql,client=[local] STATEMENT:  VACUUM ANALYZE region;
2015-08-22 02:19:10 EDT [21848]: [1-1] user=,db=,app=,client= LOG:  Getting relation statistics for public.part
2015-08-22 02:19:13 EDT [21843]: [5-1] user=mark,db=dbt3,app=psql,client=[local] LOG:  Getting detailed statistics for public.region
2015-08-22 02:19:13 EDT [21843]: [6-1] user=mark,db=dbt3,app=psql,client=[local] STATEMENT:  VACUUM ANALYZE region;
2015-08-22 02:19:13 EDT [21848]: [2-1] user=,db=,app=,client= LOG:  Getting detailed statistics for public.part
2015-08-22 02:19:39 EDT [21191]: [1-1] user=,db=,app=,client= LOG:  checkpoint starting: time
2015-08-22 02:20:10 EDT [21935]: [1-1] user=,db=,app=,client= LOG:  Getting relation statistics for public.supplier
2015-08-22 02:20:11 EDT [21935]: [2-1] user=,db=,app=,client= LOG:  Getting detailed statistics for public.supplier
2015-08-22 02:20:11 EDT [21191]: [2-1] user=,db=,app=,client= LOG:  checkpoint complete: wrote 292 buffers (0.0%); 0 transaction log file(s) added, 0 removed, 0 recycled; write=31.849 s, sync=0.269 s, total=32.198 s; sync files=33, longest=0.055 s, average=0.008 s; distance=6593 kB, estimate=6593 kB
2015-08-22 02:20:29 EDT [21945]: [1-1] user=mark,db=dbt3,app=psql,client=[local] LOG:  process 21945 still waiting for AccessExclusiveLock on relation 16600 of database 16392 after 1008.221 ms
2015-08-22 02:20:29 EDT [21945]: [2-1] user=mark,db=dbt3,app=psql,client=[local] DETAIL:  Processes holding the lock: 21944, 21947, 21949, 21950. Wait queue: 21945.
2015-08-22 02:20:29 EDT [21945]: [3-1] user=mark,db=dbt3,app=psql,client=[local] STATEMENT:  
	ALTER TABLE part
	ADD CONSTRAINT pk_part PRIMARY KEY (p_partkey) ;
2015-08-22 02:21:12 EDT [21945]: [4-1] user=mark,db=dbt3,app=psql,client=[local] LOG:  process 21945 acquired AccessExclusiveLock on relation 16600 of database 16392 after 44581.187 ms
2015-08-22 02:21:12 EDT [21945]: [5-1] user=mark,db=dbt3,app=psql,client=[local] STATEMENT:  
	ALTER TABLE part
	ADD CONSTRAINT pk_part PRIMARY KEY (p_partkey) ;
2015-08-22 02:21:30 EDT [22047]: [1-1] user=mark,db=dbt3,app=psql,client=[local] LOG:  process 22047 still waiting for AccessExclusiveLock on relation 16597 of database 16392 after 1008.514 ms
2015-08-22 02:21:30 EDT [22047]: [2-1] user=mark,db=dbt3,app=psql,client=[local] DETAIL:  Processes holding the lock: 22046, 22048. Wait queue: 22047.
2015-08-22 02:21:30 EDT [22047]: [3-1] user=mark,db=dbt3,app=psql,client=[local] STATEMENT:  
	ALTER TABLE supplier
	ADD CONSTRAINT pk_supplier PRIMARY KEY (s_suppkey) ;
2015-08-22 02:21:52 EDT [22047]: [4-1] user=mark,db=dbt3,app=psql,client=[local] LOG:  process 22047 acquired AccessExclusiveLock on relation 16597 of database 16392 after 23114.941 ms
2015-08-22 02:21:52 EDT [22047]: [5-1] user=mark,db=dbt3,app=psql,client=[local] STATEMENT:  
	ALTER TABLE supplier
	ADD CONSTRAINT pk_supplier PRIMARY KEY (s_suppkey) ;
2015-08-22 02:22:10 EDT [22125]: [1-1] user=,db=,app=,client= LOG:  Getting relation statistics for public.supplier
2015-08-22 02:22:11 EDT [22125]: [2-1] user=,db=,app=,client= LOG:  Getting detailed statistics for public.supplier
2015-08-22 02:22:37 EDT [22125]: [3-1] user=,db=,app=,client= LOG:  Getting relation statistics for public.part
2015-08-22 02:22:41 EDT [22125]: [4-1] user=,db=,app=,client= LOG:  Getting detailed statistics for public.part
2015-08-22 02:23:00 EDT [22041]: [1-1] user=mark,db=dbt3,app=psql,client=[local] LOG:  Getting relation statistics for public.part
2015-08-22 02:23:00 EDT [22041]: [2-1] user=mark,db=dbt3,app=psql,client=[local] STATEMENT:  VACUUM ANALYZE part;
2015-08-22 02:23:04 EDT [22041]: [3-1] user=mark,db=dbt3,app=psql,client=[local] LOG:  Getting relation statistics for public.part
2015-08-22 02:23:04 EDT [22041]: [4-1] user=mark,db=dbt3,app=psql,client=[local] STATEMENT:  VACUUM ANALYZE part;
2015-08-22 02:23:07 EDT [22041]: [5-1] user=mark,db=dbt3,app=psql,client=[local] LOG:  Getting detailed statistics for public.part
2015-08-22 02:23:07 EDT [22041]: [6-1] user=mark,db=dbt3,app=psql,client=[local] STATEMENT:  VACUUM ANALYZE part;
2015-08-22 02:23:16 EDT [22122]: [1-1] user=mark,db=dbt3,app=psql,client=[local] LOG:  Getting relation statistics for public.supplier
2015-08-22 02:23:16 EDT [22122]: [2-1] user=mark,db=dbt3,app=psql,client=[local] STATEMENT:  VACUUM ANALYZE supplier;
2015-08-22 02:23:18 EDT [22122]: [3-1] user=mark,db=dbt3,app=psql,client=[local] LOG:  Getting relation statistics for public.supplier
2015-08-22 02:23:18 EDT [22122]: [4-1] user=mark,db=dbt3,app=psql,client=[local] STATEMENT:  VACUUM ANALYZE supplier;
2015-08-22 02:23:21 EDT [22122]: [5-1] user=mark,db=dbt3,app=psql,client=[local] LOG:  Getting detailed statistics for public.supplier
2015-08-22 02:23:21 EDT [22122]: [6-1] user=mark,db=dbt3,app=psql,client=[local] STATEMENT:  VACUUM ANALYZE supplier;
2015-08-22 02:24:10 EDT [22279]: [1-1] user=,db=,app=,client= LOG:  Getting relation statistics for public.partsupp
2015-08-22 02:24:12 EDT [22279]: [2-1] user=,db=,app=,client= LOG:  Getting detailed statistics for public.partsupp
2015-08-22 02:24:39 EDT [21191]: [3-1] user=,db=,app=,client= LOG:  checkpoint starting: time
2015-08-22 02:25:10 EDT [22355]: [1-1] user=,db=,app=,client= LOG:  Getting relation statistics for public.orders
2015-08-22 02:25:11 EDT [22355]: [2-1] user=,db=,app=,client= LOG:  Getting detailed statistics for public.orders
2015-08-22 02:25:12 EDT [22355]: [3-1] user=,db=,app=,client= LOG:  Getting relation statistics for public.partsupp
2015-08-22 02:25:14 EDT [22355]: [4-1] user=,db=,app=,client= LOG:  Getting detailed statistics for public.partsupp
2015-08-22 02:25:48 EDT [21191]: [4-1] user=,db=,app=,client= LOG:  checkpoint complete: wrote 633 buffers (0.1%); 0 transaction log file(s) added, 0 removed, 0 recycled; write=68.085 s, sync=0.132 s, total=68.251 s; sync files=28, longest=0.021 s, average=0.004 s; distance=4663 kB, estimate=6400 kB
2015-08-22 02:26:10 EDT [22432]: [1-1] user=,db=,app=,client= LOG:  Getting relation statistics for public.partsupp
2015-08-22 02:26:11 EDT [22432]: [2-1] user=,db=,app=,client= LOG:  Getting detailed statistics for public.partsupp
2015-08-22 02:26:12 EDT [22432]: [3-1] user=,db=,app=,client= LOG:  Getting relation statistics for public.customer
2015-08-22 02:26:14 EDT [22432]: [4-1] user=,db=,app=,client= LOG:  Getting detailed statistics for public.customer
2015-08-22 02:26:43 EDT [22446]: [1-1] user=mark,db=dbt3,app=psql,client=[local] LOG:  process 22446 still waiting for AccessExclusiveLock on relation 16603 of database 16392 after 1000.118 ms
2015-08-22 02:26:43 EDT [22446]: [2-1] user=mark,db=dbt3,app=psql,client=[local] DETAIL:  Process holding the lock: 22447. Wait queue: 22446.
2015-08-22 02:26:43 EDT [22446]: [3-1] user=mark,db=dbt3,app=psql,client=[local] STATEMENT:  
	ALTER TABLE partsupp
	ADD CONSTRAINT pk_partsupp
	PRIMARY KEY (ps_partkey, ps_suppkey) ;
2015-08-22 02:27:00 EDT [22446]: [4-1] user=mark,db=dbt3,app=psql,client=[local] LOG:  process 22446 acquired AccessExclusiveLock on relation 16603 of database 16392 after 17852.145 ms
2015-08-22 02:27:00 EDT [22446]: [5-1] user=mark,db=dbt3,app=psql,client=[local] STATEMENT:  
	ALTER TABLE partsupp
	ADD CONSTRAINT pk_partsupp
	PRIMARY KEY (ps_partkey, ps_suppkey) ;
2015-08-22 02:27:10 EDT [22516]: [1-1] user=,db=,app=,client= LOG:  Getting relation statistics for public.customer
2015-08-22 02:27:11 EDT [22516]: [2-1] user=,db=,app=,client= LOG:  Getting detailed statistics for public.customer
2015-08-22 02:28:09 EDT [22524]: [1-1] user=mark,db=dbt3,app=psql,client=[local] LOG:  Getting relation statistics for public.partsupp
2015-08-22 02:28:09 EDT [22524]: [2-1] user=mark,db=dbt3,app=psql,client=[local] STATEMENT:  VACUUM ANALYZE partsupp;
2015-08-22 02:28:10 EDT [22596]: [1-1] user=,db=,app=,client= LOG:  Getting relation statistics for public.orders
2015-08-22 02:28:11 EDT [22596]: [2-1] user=,db=,app=,client= LOG:  Getting detailed statistics for public.orders
2015-08-22 02:28:11 EDT [22524]: [3-1] user=mark,db=dbt3,app=psql,client=[local] LOG:  Getting relation statistics for public.partsupp
2015-08-22 02:28:11 EDT [22524]: [4-1] user=mark,db=dbt3,app=psql,client=[local] STATEMENT:  VACUUM ANALYZE partsupp;
2015-08-22 02:28:12 EDT [22596]: [3-1] user=,db=,app=,client= LOG:  Getting relation statistics for public.customer
2015-08-22 02:28:13 EDT [22524]: [5-1] user=mark,db=dbt3,app=psql,client=[local] LOG:  Getting detailed statistics for public.partsupp
2015-08-22 02:28:13 EDT [22524]: [6-1] user=mark,db=dbt3,app=psql,client=[local] STATEMENT:  VACUUM ANALYZE partsupp;
2015-08-22 02:28:13 EDT [22596]: [4-1] user=,db=,app=,client= LOG:  Getting detailed statistics for public.customer
2015-08-22 02:28:49 EDT [22681]: [1-1] user=mark,db=dbt3,app=psql,client=[local] LOG:  process 22681 still waiting for ShareLock on relation 16606 of database 16392 after 1002.259 ms
2015-08-22 02:28:49 EDT [22681]: [2-1] user=mark,db=dbt3,app=psql,client=[local] DETAIL:  Processes holding the lock: 22680, 22685, 22683. Wait queue: 22684, 22681.
2015-08-22 02:28:49 EDT [22681]: [3-1] user=mark,db=dbt3,app=psql,client=[local] STATEMENT:  
	CREATE INDEX customer_c_phone_idx_c_acctbal
	ON customer (substr(c_phone::text, 1, 2))
	WHERE c_acctbal > 0.00;
2015-08-22 02:28:49 EDT [22684]: [1-1] user=mark,db=dbt3,app=psql,client=[local] LOG:  process 22684 still waiting for AccessExclusiveLock on relation 16606 of database 16392 after 1014.538 ms
2015-08-22 02:28:49 EDT [22684]: [2-1] user=mark,db=dbt3,app=psql,client=[local] DETAIL:  Processes holding the lock: 22680, 22685, 22683. Wait queue: 22684, 22681.
2015-08-22 02:28:49 EDT [22684]: [3-1] user=mark,db=dbt3,app=psql,client=[local] STATEMENT:  
	ALTER TABLE customer
	ADD CONSTRAINT pk_customer PRIMARY KEY (c_custkey) ;
2015-08-22 02:29:09 EDT [22691]: [1-1] user=,db=,app=,client= LOG:  Getting relation statistics for public.orders
2015-08-22 02:29:09 EDT [22691]: [2-1] user=,db=,app=,client= LOG:  Getting detailed statistics for public.orders
2015-08-22 02:29:27 EDT [22702]: [1-1] user=mark,db=dbt3,app=psql,client=[local] LOG:  process 22702 still waiting for AccessExclusiveLock on relation 16609 of database 16392 after 1006.001 ms
2015-08-22 02:29:27 EDT [22702]: [2-1] user=mark,db=dbt3,app=psql,client=[local] DETAIL:  Process holding the lock: 22703. Wait queue: 22702, 22705.
2015-08-22 02:29:27 EDT [22702]: [3-1] user=mark,db=dbt3,app=psql,client=[local] STATEMENT:  
	ALTER TABLE orders
	ADD CONSTRAINT pk_orders PRIMARY KEY (o_orderkey) ;
2015-08-22 02:29:27 EDT [22705]: [1-1] user=mark,db=dbt3,app=psql,client=[local] LOG:  process 22705 still waiting for ShareLock on relation 16609 of database 16392 after 1005.894 ms
2015-08-22 02:29:27 EDT [22705]: [2-1] user=mark,db=dbt3,app=psql,client=[local] DETAIL:  Process holding the lock: 22703. Wait queue: 22702, 22705.
2015-08-22 02:29:27 EDT [22705]: [3-1] user=mark,db=dbt3,app=psql,client=[local] STATEMENT:  
	CREATE INDEX orders_o_orderdate_o_orderkey_idx
	ON orders (o_orderdate, o_orderkey);
2015-08-22 02:29:39 EDT [21191]: [5-1] user=,db=,app=,client= LOG:  checkpoint starting: time
2015-08-22 02:29:56 EDT [21191]: [6-1] user=,db=,app=,client= LOG:  checkpoint complete: wrote 162 buffers (0.0%); 0 transaction log file(s) added, 0 removed, 0 recycled; write=17.201 s, sync=0.280 s, total=17.538 s; sync files=25, longest=0.021 s, average=0.011 s; distance=1202 kB, estimate=5880 kB
2015-08-22 02:30:29 EDT [22702]: [4-1] user=mark,db=dbt3,app=psql,client=[local] LOG:  process 22702 acquired AccessExclusiveLock on relation 16609 of database 16392 after 62662.196 ms
2015-08-22 02:30:29 EDT [22702]: [5-1] user=mark,db=dbt3,app=psql,client=[local] STATEMENT:  
	ALTER TABLE orders
	ADD CONSTRAINT pk_orders PRIMARY KEY (o_orderkey) ;
2015-08-22 02:30:39 EDT [22684]: [4-1] user=mark,db=dbt3,app=psql,client=[local] LOG:  process 22684 acquired AccessExclusiveLock on relation 16606 of database 16392 after 110169.862 ms
2015-08-22 02:30:39 EDT [22684]: [5-1] user=mark,db=dbt3,app=psql,client=[local] STATEMENT:  
	ALTER TABLE customer
	ADD CONSTRAINT pk_customer PRIMARY KEY (c_custkey) ;
2015-08-22 02:31:00 EDT [22705]: [4-1] user=mark,db=dbt3,app=psql,client=[local] LOG:  process 22705 acquired ShareLock on relation 16609 of database 16392 after 93620.888 ms
2015-08-22 02:31:00 EDT [22705]: [5-1] user=mark,db=dbt3,app=psql,client=[local] STATEMENT:  
	CREATE INDEX orders_o_orderdate_o_orderkey_idx
	ON orders (o_orderdate, o_orderkey);
2015-08-22 02:31:03 EDT [22681]: [4-1] user=mark,db=dbt3,app=psql,client=[local] LOG:  process 22681 acquired ShareLock on relation 16606 of database 16392 after 134806.242 ms
2015-08-22 02:31:03 EDT [22681]: [5-1] user=mark,db=dbt3,app=psql,client=[local] STATEMENT:  
	CREATE INDEX customer_c_phone_idx_c_acctbal
	ON customer (substr(c_phone::text, 1, 2))
	WHERE c_acctbal > 0.00;
2015-08-22 02:32:10 EDT [22949]: [1-1] user=,db=,app=,client= LOG:  Getting relation statistics for public.orders
2015-08-22 02:32:10 EDT [22949]: [2-1] user=,db=,app=,client= LOG:  Getting detailed statistics for public.orders
2015-08-22 02:32:10 EDT [22949]: [3-1] user=,db=,app=,client= LOG:  Getting relation statistics for public.customer
2015-08-22 02:32:10 EDT [22949]: [4-1] user=,db=,app=,client= LOG:  Getting detailed statistics for public.customer
2015-08-22 02:33:42 EDT [22874]: [1-1] user=mark,db=dbt3,app=psql,client=[local] LOG:  Getting relation statistics for public.orders
2015-08-22 02:33:42 EDT [22874]: [2-1] user=mark,db=dbt3,app=psql,client=[local] STATEMENT:  VACUUM ANALYZE orders;
2015-08-22 02:33:42 EDT [22874]: [3-1] user=mark,db=dbt3,app=psql,client=[local] LOG:  Getting relation statistics for public.orders
2015-08-22 02:33:42 EDT [22874]: [4-1] user=mark,db=dbt3,app=psql,client=[local] STATEMENT:  VACUUM ANALYZE orders;
2015-08-22 02:33:42 EDT [22874]: [5-1] user=mark,db=dbt3,app=psql,client=[local] LOG:  Getting detailed statistics for public.orders
2015-08-22 02:33:42 EDT [22874]: [6-1] user=mark,db=dbt3,app=psql,client=[local] STATEMENT:  VACUUM ANALYZE orders;
2015-08-22 02:34:39 EDT [21191]: [7-1] user=,db=,app=,client= LOG:  checkpoint starting: time
2015-08-22 02:34:45 EDT [22946]: [1-1] user=mark,db=dbt3,app=psql,client=[local] LOG:  Getting relation statistics for public.customer
2015-08-22 02:34:45 EDT [22946]: [2-1] user=mark,db=dbt3,app=psql,client=[local] STATEMENT:  VACUUM ANALYZE customer;
2015-08-22 02:34:45 EDT [22946]: [3-1] user=mark,db=dbt3,app=psql,client=[local] LOG:  Getting relation statistics for public.customer
2015-08-22 02:34:45 EDT [22946]: [4-1] user=mark,db=dbt3,app=psql,client=[local] STATEMENT:  VACUUM ANALYZE customer;
2015-08-22 02:34:45 EDT [22946]: [5-1] user=mark,db=dbt3,app=psql,client=[local] LOG:  Getting detailed statistics for public.customer
2015-08-22 02:34:45 EDT [22946]: [6-1] user=mark,db=dbt3,app=psql,client=[local] STATEMENT:  VACUUM ANALYZE customer;
2015-08-22 02:34:51 EDT [21191]: [8-1] user=,db=,app=,client= LOG:  checkpoint complete: wrote 112 buffers (0.0%); 0 transaction log file(s) added, 0 removed, 0 recycled; write=11.476 s, sync=0.554 s, total=12.073 s; sync files=24, longest=0.137 s, average=0.023 s; distance=775 kB, estimate=5369 kB
2015-08-22 02:39:40 EDT [21191]: [9-1] user=,db=,app=,client= LOG:  checkpoint starting: time
2015-08-22 02:39:54 EDT [21191]: [10-1] user=,db=,app=,client= LOG:  checkpoint complete: wrote 143 buffers (0.0%); 0 transaction log file(s) added, 0 removed, 1 recycled; write=14.644 s, sync=0.119 s, total=14.825 s; sync files=7, longest=0.058 s, average=0.017 s; distance=1082 kB, estimate=4941 kB
2015-08-22 02:44:40 EDT [21191]: [11-1] user=,db=,app=,client= LOG:  checkpoint starting: time
2015-08-22 02:44:40 EDT [21191]: [12-1] user=,db=,app=,client= LOG:  checkpoint complete: wrote 0 buffers (0.0%); 0 transaction log file(s) added, 0 removed, 0 recycled; write=0.011 s, sync=0.000 s, total=0.028 s; sync files=0, longest=0.000 s, average=0.000 s; distance=3 kB, estimate=4447 kB
2015-08-22 02:45:10 EDT [23930]: [1-1] user=,db=,app=,client= LOG:  Getting relation statistics for public.lineitem
2015-08-22 02:45:10 EDT [23930]: [2-1] user=,db=,app=,client= LOG:  Getting detailed statistics for public.lineitem
2015-08-22 02:45:22 EDT [23943]: [1-1] user=mark,db=dbt3,app=psql,client=[local] LOG:  process 23943 still waiting for ShareLock on relation 16612 of database 16392 after 1000.112 ms
2015-08-22 02:45:22 EDT [23943]: [2-1] user=mark,db=dbt3,app=psql,client=[local] DETAIL:  Process holding the lock: 23944. Wait queue: 23943, 23946, 23949, 23951, 23945, 23948, 23957.
2015-08-22 02:45:22 EDT [23943]: [3-1] user=mark,db=dbt3,app=psql,client=[local] STATEMENT:  
	CREATE INDEX lineitem_l_orderkey_idx
	ON lineitem (l_orderkey);
2015-08-22 02:45:22 EDT [23946]: [1-1] user=mark,db=dbt3,app=psql,client=[local] LOG:  process 23946 still waiting for ShareLock on relation 16612 of database 16392 after 1000.099 ms
2015-08-22 02:45:22 EDT [23946]: [2-1] user=mark,db=dbt3,app=psql,client=[local] DETAIL:  Process holding the lock: 23944. Wait queue: 23943, 23946, 23949, 23951, 23945, 23948, 23957.
2015-08-22 02:45:22 EDT [23946]: [3-1] user=mark,db=dbt3,app=psql,client=[local] STATEMENT:  
	CREATE INDEX lineitem_l_orderkey_idx_part1
	ON lineitem (l_orderkey)
	WHERE l_commitdate < l_receiptdate;
2015-08-22 02:45:22 EDT [23949]: [1-1] user=mark,db=dbt3,app=psql,client=[local] LOG:  process 23949 still waiting for ShareLock on relation 16612 of database 16392 after 1000.103 ms
2015-08-22 02:45:22 EDT [23949]: [2-1] user=mark,db=dbt3,app=psql,client=[local] DETAIL:  Process holding the lock: 23944. Wait queue: 23943, 23946, 23949, 23951, 23945, 23948, 23957.
2015-08-22 02:45:22 EDT [23949]: [3-1] user=mark,db=dbt3,app=psql,client=[local] STATEMENT:  
	CREATE INDEX lineitem_l_orderkey_l_linenumber_l_shipdate_idx
	ON lineitem (l_orderkey, l_linenumber, l_shipdate);
2015-08-22 02:45:22 EDT [23951]: [1-1] user=mark,db=dbt3,app=psql,client=[local] LOG:  process 23951 still waiting for ShareLock on relation 16612 of database 16392 after 1000.089 ms
2015-08-22 02:45:22 EDT [23951]: [2-1] user=mark,db=dbt3,app=psql,client=[local] DETAIL:  Process holding the lock: 23944. Wait queue: 23943, 23946, 23949, 23951, 23945, 23948, 23957.
2015-08-22 02:45:22 EDT [23951]: [3-1] user=mark,db=dbt3,app=psql,client=[local] STATEMENT:  
	CREATE INDEX lineitem_l_orderkey_idx_part2
	ON lineitem (l_orderkey)
	WHERE l_commitdate < l_receiptdate
	  AND l_shipdate < l_commitdate;
2015-08-22 02:45:22 EDT [23945]: [1-1] user=mark,db=dbt3,app=psql,client=[local] LOG:  process 23945 still waiting for ShareLock on relation 16612 of database 16392 after 1000.087 ms
2015-08-22 02:45:22 EDT [23945]: [2-1] user=mark,db=dbt3,app=psql,client=[local] DETAIL:  Process holding the lock: 23944. Wait queue: 23943, 23946, 23949, 23951, 23945, 23948, 23957.
2015-08-22 02:45:22 EDT [23945]: [3-1] user=mark,db=dbt3,app=psql,client=[local] STATEMENT:  
	CREATE INDEX lineitem_l_partkey_l_quantity_l_shipmode_idx
	ON lineitem (l_partkey, l_quantity, l_shipmode);
2015-08-22 02:45:22 EDT [23948]: [1-1] user=mark,db=dbt3,app=psql,client=[local] LOG:  process 23948 still waiting for ShareLock on relation 16612 of database 16392 after 1000.088 ms
2015-08-22 02:45:22 EDT [23948]: [2-1] user=mark,db=dbt3,app=psql,client=[local] DETAIL:  Process holding the lock: 23944. Wait queue: 23943, 23946, 23949, 23951, 23945, 23948, 23957.
2015-08-22 02:45:22 EDT [23948]: [3-1] user=mark,db=dbt3,app=psql,client=[local] STATEMENT:  
	CREATE INDEX lineitem_l_orderkey_idx_l_returnflag
	ON lineitem (l_orderkey)
	WHERE l_returnflag = 'R';
2015-08-22 02:45:22 EDT [23957]: [1-1] user=mark,db=dbt3,app=psql,client=[local] LOG:  process 23957 still waiting for ShareLock on relation 16612 of database 16392 after 1000.092 ms
2015-08-22 02:45:22 EDT [23957]: [2-1] user=mark,db=dbt3,app=psql,client=[local] DETAIL:  Process holding the lock: 23944. Wait queue: 23943, 23946, 23949, 23951, 23945, 23948, 23957.
2015-08-22 02:45:22 EDT [23957]: [3-1] user=mark,db=dbt3,app=psql,client=[local] STATEMENT:  
	CREATE INDEX lineitem_l_shipdate_l_suppkey__idx
	ON lineitem (l_shipdate, l_suppkey);
2015-08-22 02:47:49 EDT [23946]: [4-1] user=mark,db=dbt3,app=psql,client=[local] LOG:  process 23946 acquired ShareLock on relation 16612 of database 16392 after 148729.623 ms
2015-08-22 02:47:49 EDT [23946]: [5-1] user=mark,db=dbt3,app=psql,client=[local] STATEMENT:  
	CREATE INDEX lineitem_l_orderkey_idx_part1
	ON lineitem (l_orderkey)
	WHERE l_commitdate < l_receiptdate;
2015-08-22 02:47:49 EDT [23943]: [4-1] user=mark,db=dbt3,app=psql,client=[local] LOG:  process 23943 acquired ShareLock on relation 16612 of database 16392 after 148729.978 ms
2015-08-22 02:47:49 EDT [23943]: [5-1] user=mark,db=dbt3,app=psql,client=[local] STATEMENT:  
	CREATE INDEX lineitem_l_orderkey_idx
	ON lineitem (l_orderkey);
2015-08-22 02:47:49 EDT [23951]: [4-1] user=mark,db=dbt3,app=psql,client=[local] LOG:  process 23951 acquired ShareLock on relation 16612 of database 16392 after 148726.144 ms
2015-08-22 02:47:49 EDT [23951]: [5-1] user=mark,db=dbt3,app=psql,client=[local] STATEMENT:  
	CREATE INDEX lineitem_l_orderkey_idx_part2
	ON lineitem (l_orderkey)
	WHERE l_commitdate < l_receiptdate
	  AND l_shipdate < l_commitdate;
2015-08-22 02:47:49 EDT [23949]: [4-1] user=mark,db=dbt3,app=psql,client=[local] LOG:  process 23949 acquired ShareLock on relation 16612 of database 16392 after 148727.015 ms
2015-08-22 02:47:49 EDT [23949]: [5-1] user=mark,db=dbt3,app=psql,client=[local] STATEMENT:  
	CREATE INDEX lineitem_l_orderkey_l_linenumber_l_shipdate_idx
	ON lineitem (l_orderkey, l_linenumber, l_shipdate);
2015-08-22 02:47:49 EDT [23945]: [4-1] user=mark,db=dbt3,app=psql,client=[local] LOG:  process 23945 acquired ShareLock on relation 16612 of database 16392 after 148725.872 ms
2015-08-22 02:47:49 EDT [23945]: [5-1] user=mark,db=dbt3,app=psql,client=[local] STATEMENT:  
	CREATE INDEX lineitem_l_partkey_l_quantity_l_shipmode_idx
	ON lineitem (l_partkey, l_quantity, l_shipmode);
2015-08-22 02:47:49 EDT [23948]: [4-1] user=mark,db=dbt3,app=psql,client=[local] LOG:  process 23948 acquired ShareLock on relation 16612 of database 16392 after 148725.500 ms
2015-08-22 02:47:49 EDT [23948]: [5-1] user=mark,db=dbt3,app=psql,client=[local] STATEMENT:  
	CREATE INDEX lineitem_l_orderkey_idx_l_returnflag
	ON lineitem (l_orderkey)
	WHERE l_returnflag = 'R';
2015-08-22 02:47:49 EDT [23957]: [4-1] user=mark,db=dbt3,app=psql,client=[local] LOG:  process 23957 acquired ShareLock on relation 16612 of database 16392 after 148723.615 ms
2015-08-22 02:47:49 EDT [23957]: [5-1] user=mark,db=dbt3,app=psql,client=[local] STATEMENT:  
	CREATE INDEX lineitem_l_shipdate_l_suppkey__idx
	ON lineitem (l_shipdate, l_suppkey);
2015-08-22 02:49:41 EDT [21191]: [13-1] user=,db=,app=,client= LOG:  checkpoint starting: time
2015-08-22 02:51:15 EDT [21191]: [14-1] user=,db=,app=,client= LOG:  checkpoint complete: wrote 941 buffers (0.1%); 0 transaction log file(s) added, 0 removed, 0 recycled; write=94.208 s, sync=0.008 s, total=94.222 s; sync files=25, longest=0.002 s, average=0.000 s; distance=363 kB, estimate=4038 kB
2015-08-22 02:53:10 EDT [24584]: [1-1] user=,db=,app=,client= LOG:  Getting relation statistics for public.lineitem
2015-08-22 02:53:10 EDT [24584]: [2-1] user=,db=,app=,client= LOG:  Getting detailed statistics for public.lineitem
2015-08-22 02:54:41 EDT [21191]: [15-1] user=,db=,app=,client= LOG:  checkpoint starting: time
2015-08-22 02:54:42 EDT [21191]: [16-1] user=,db=,app=,client= LOG:  checkpoint complete: wrote 13 buffers (0.0%); 0 transaction log file(s) added, 0 removed, 0 recycled; write=1.213 s, sync=0.003 s, total=1.221 s; sync files=3, longest=0.001 s, average=0.001 s; distance=61 kB, estimate=3641 kB
2015-08-22 02:57:48 EDT [24512]: [1-1] user=mark,db=dbt3,app=psql,client=[local] LOG:  Getting relation statistics for public.lineitem
2015-08-22 02:57:48 EDT [24512]: [2-1] user=mark,db=dbt3,app=psql,client=[local] STATEMENT:  VACUUM ANALYZE lineitem;
2015-08-22 02:57:48 EDT [24512]: [3-1] user=mark,db=dbt3,app=psql,client=[local] LOG:  Getting relation statistics for public.lineitem
2015-08-22 02:57:48 EDT [24512]: [4-1] user=mark,db=dbt3,app=psql,client=[local] STATEMENT:  VACUUM ANALYZE lineitem;
2015-08-22 02:57:48 EDT [24512]: [5-1] user=mark,db=dbt3,app=psql,client=[local] LOG:  Getting detailed statistics for public.lineitem
2015-08-22 02:57:48 EDT [24512]: [6-1] user=mark,db=dbt3,app=psql,client=[local] STATEMENT:  VACUUM ANALYZE lineitem;
2015-08-22 02:57:57 EDT [21188]: [2-1] user=,db=,app=,client= LOG:  received fast shutdown request
2015-08-22 02:57:57 EDT [21188]: [3-1] user=,db=,app=,client= LOG:  aborting any active transactions
2015-08-22 02:57:57 EDT [21194]: [2-1] user=,db=,app=,client= LOG:  autovacuum launcher shutting down
2015-08-22 02:57:57 EDT [21191]: [17-1] user=,db=,app=,client= LOG:  shutting down
2015-08-22 02:57:57 EDT [21191]: [18-1] user=,db=,app=,client= LOG:  checkpoint starting: shutdown immediate
2015-08-22 02:57:57 EDT [21191]: [19-1] user=,db=,app=,client= LOG:  checkpoint complete: wrote 110 buffers (0.0%); 0 transaction log file(s) added, 0 removed, 0 recycled; write=0.011 s, sync=0.024 s, total=0.041 s; sync files=25, longest=0.002 s, average=0.000 s; distance=679 kB, estimate=3345 kB
2015-08-22 02:57:57 EDT [21191]: [20-1] user=,db=,app=,client= LOG:  database system is shut down
